This is pdfTeX, Version 3.1415926-2.4-1.40.13 (MiKTeX 2.9) (preloaded format=pdflatex 2013.4.30)  29 SEP 2013 18:22
entering extended mode
**Projet_conception.tex

("C:\Users\FRED\Documents\FRED\Traveaux GTI 2A\Projet stockage sensible\Rapport
 projet conception\Projet_conception.tex"
LaTeX2e <2011/06/27>
Babel <v3.8m> and hyphenation patterns for english, afrikaans, ancientgreek, ar
abic, armenian, assamese, basque, bengali, bokmal, bulgarian, catalan, coptic, 
croatian, czech, danish, dutch, esperanto, estonian, farsi, finnish, french, ga
lician, german, german-x-2012-05-30, greek, gujarati, hindi, hungarian, iceland
ic, indonesian, interlingua, irish, italian, kannada, kurmanji, latin, latvian,
 lithuanian, malayalam, marathi, mongolian, mongolianlmc, monogreek, ngerman, n
german-x-2012-05-30, nynorsk, oriya, panjabi, pinyin, polish, portuguese, roman
ian, russian, sanskrit, serbian, slovak, slovenian, spanish, swedish, swissgerm
an, tamil, telugu, turkish, turkmen, ukenglish, ukrainian, uppersorbian, usengl
ishmax, welsh, loaded.
("C:\Program Files (x86)\Logiciel\MikTex\tex\latex\base\report.cls"
Document Class: report 2007/10/19 v1.4h Standard LaTeX document class
("C:\Program Files (x86)\Logiciel\MikTex\tex\latex\base\size10.clo"
File: size10.clo 2007/10/19 v1.4h Standard LaTeX file (size option)
)
\c@part=\count79
\c@chapter=\count80
\c@section=\count81
\c@subsection=\count82
\c@subsubsection=\count83
\c@paragraph=\count84
\c@subparagraph=\count85
\c@figure=\count86
\c@table=\count87
\abovecaptionskip=\skip41
\belowcaptionskip=\skip42
\bibindent=\dimen102
)
("C:\Program Files (x86)\Logiciel\MikTex\tex\latex\base\inputenc.sty"
Package: inputenc 2008/03/30 v1.1d Input encoding file
\inpenc@prehook=\toks14
\inpenc@posthook=\toks15

("C:\Program Files (x86)\Logiciel\MikTex\tex\latex\base\utf8.def"
File: utf8.def 2008/04/05 v1.1m UTF-8 support for inputenc
Now handling font encoding OML ...
... no UTF-8 mapping file for font encoding OML
Now handling font encoding T1 ...
... processing UTF-8 mapping file for font encoding T1

("C:\Program Files (x86)\Logiciel\MikTex\tex\latex\base\t1enc.dfu"
File: t1enc.dfu 2008/04/05 v1.1m UTF-8 support for inputenc
   defining Unicode char U+00A1 (decimal 161)
   defining Unicode char U+00A3 (decimal 163)
   defining Unicode char U+00AB (decimal 171)
   defining Unicode char U+00BB (decimal 187)
   defining Unicode char U+00BF (decimal 191)
   defining Unicode char U+00C0 (decimal 192)
   defining Unicode char U+00C1 (decimal 193)
   defining Unicode char U+00C2 (decimal 194)
   defining Unicode char U+00C3 (decimal 195)
   defining Unicode char U+00C4 (decimal 196)
   defining Unicode char U+00C5 (decimal 197)
   defining Unicode char U+00C6 (decimal 198)
   defining Unicode char U+00C7 (decimal 199)
   defining Unicode char U+00C8 (decimal 200)
   defining Unicode char U+00C9 (decimal 201)
   defining Unicode char U+00CA (decimal 202)
   defining Unicode char U+00CB (decimal 203)
   defining Unicode char U+00CC (decimal 204)
   defining Unicode char U+00CD (decimal 205)
   defining Unicode char U+00CE (decimal 206)
   defining Unicode char U+00CF (decimal 207)
   defining Unicode char U+00D0 (decimal 208)
   defining Unicode char U+00D1 (decimal 209)
   defining Unicode char U+00D2 (decimal 210)
   defining Unicode char U+00D3 (decimal 211)
   defining Unicode char U+00D4 (decimal 212)
   defining Unicode char U+00D5 (decimal 213)
   defining Unicode char U+00D6 (decimal 214)
   defining Unicode char U+00D8 (decimal 216)
   defining Unicode char U+00D9 (decimal 217)
   defining Unicode char U+00DA (decimal 218)
   defining Unicode char U+00DB (decimal 219)
   defining Unicode char U+00DC (decimal 220)
   defining Unicode char U+00DD (decimal 221)
   defining Unicode char U+00DE (decimal 222)
   defining Unicode char U+00DF (decimal 223)
   defining Unicode char U+00E0 (decimal 224)
   defining Unicode char U+00E1 (decimal 225)
   defining Unicode char U+00E2 (decimal 226)
   defining Unicode char U+00E3 (decimal 227)
   defining Unicode char U+00E4 (decimal 228)
   defining Unicode char U+00E5 (decimal 229)
   defining Unicode char U+00E6 (decimal 230)
   defining Unicode char U+00E7 (decimal 231)
   defining Unicode char U+00E8 (decimal 232)
   defining Unicode char U+00E9 (decimal 233)
   defining Unicode char U+00EA (decimal 234)
   defining Unicode char U+00EB (decimal 235)
   defining Unicode char U+00EC (decimal 236)
   defining Unicode char U+00ED (decimal 237)
   defining Unicode char U+00EE (decimal 238)
   defining Unicode char U+00EF (decimal 239)
   defining Unicode char U+00F0 (decimal 240)
   defining Unicode char U+00F1 (decimal 241)
   defining Unicode char U+00F2 (decimal 242)
   defining Unicode char U+00F3 (decimal 243)
   defining Unicode char U+00F4 (decimal 244)
   defining Unicode char U+00F5 (decimal 245)
   defining Unicode char U+00F6 (decimal 246)
   defining Unicode char U+00F8 (decimal 248)
   defining Unicode char U+00F9 (decimal 249)
   defining Unicode char U+00FA (decimal 250)
   defining Unicode char U+00FB (decimal 251)
   defining Unicode char U+00FC (decimal 252)
   defining Unicode char U+00FD (decimal 253)
   defining Unicode char U+00FE (decimal 254)
   defining Unicode char U+00FF (decimal 255)
   defining Unicode char U+0102 (decimal 258)
   defining Unicode char U+0103 (decimal 259)
   defining Unicode char U+0104 (decimal 260)
   defining Unicode char U+0105 (decimal 261)
   defining Unicode char U+0106 (decimal 262)
   defining Unicode char U+0107 (decimal 263)
   defining Unicode char U+010C (decimal 268)
   defining Unicode char U+010D (decimal 269)
   defining Unicode char U+010E (decimal 270)
   defining Unicode char U+010F (decimal 271)
   defining Unicode char U+0110 (decimal 272)
   defining Unicode char U+0111 (decimal 273)
   defining Unicode char U+0118 (decimal 280)
   defining Unicode char U+0119 (decimal 281)
   defining Unicode char U+011A (decimal 282)
   defining Unicode char U+011B (decimal 283)
   defining Unicode char U+011E (decimal 286)
   defining Unicode char U+011F (decimal 287)
   defining Unicode char U+0130 (decimal 304)
   defining Unicode char U+0131 (decimal 305)
   defining Unicode char U+0132 (decimal 306)
   defining Unicode char U+0133 (decimal 307)
   defining Unicode char U+0139 (decimal 313)
   defining Unicode char U+013A (decimal 314)
   defining Unicode char U+013D (decimal 317)
   defining Unicode char U+013E (decimal 318)
   defining Unicode char U+0141 (decimal 321)
   defining Unicode char U+0142 (decimal 322)
   defining Unicode char U+0143 (decimal 323)
   defining Unicode char U+0144 (decimal 324)
   defining Unicode char U+0147 (decimal 327)
   defining Unicode char U+0148 (decimal 328)
   defining Unicode char U+014A (decimal 330)
   defining Unicode char U+014B (decimal 331)
   defining Unicode char U+0150 (decimal 336)
   defining Unicode char U+0151 (decimal 337)
   defining Unicode char U+0152 (decimal 338)
   defining Unicode char U+0153 (decimal 339)
   defining Unicode char U+0154 (decimal 340)
   defining Unicode char U+0155 (decimal 341)
   defining Unicode char U+0158 (decimal 344)
   defining Unicode char U+0159 (decimal 345)
   defining Unicode char U+015A (decimal 346)
   defining Unicode char U+015B (decimal 347)
   defining Unicode char U+015E (decimal 350)
   defining Unicode char U+015F (decimal 351)
   defining Unicode char U+0160 (decimal 352)
   defining Unicode char U+0161 (decimal 353)
   defining Unicode char U+0162 (decimal 354)
   defining Unicode char U+0163 (decimal 355)
   defining Unicode char U+0164 (decimal 356)
   defining Unicode char U+0165 (decimal 357)
   defining Unicode char U+016E (decimal 366)
   defining Unicode char U+016F (decimal 367)
   defining Unicode char U+0170 (decimal 368)
   defining Unicode char U+0171 (decimal 369)
   defining Unicode char U+0178 (decimal 376)
   defining Unicode char U+0179 (decimal 377)
   defining Unicode char U+017A (decimal 378)
   defining Unicode char U+017B (decimal 379)
   defining Unicode char U+017C (decimal 380)
   defining Unicode char U+017D (decimal 381)
   defining Unicode char U+017E (decimal 382)
   defining Unicode char U+200C (decimal 8204)
   defining Unicode char U+2013 (decimal 8211)
   defining Unicode char U+2014 (decimal 8212)
   defining Unicode char U+2018 (decimal 8216)
   defining Unicode char U+2019 (decimal 8217)
   defining Unicode char U+201A (decimal 8218)
   defining Unicode char U+201C (decimal 8220)
   defining Unicode char U+201D (decimal 8221)
   defining Unicode char U+201E (decimal 8222)
   defining Unicode char U+2030 (decimal 8240)
   defining Unicode char U+2031 (decimal 8241)
   defining Unicode char U+2039 (decimal 8249)
   defining Unicode char U+203A (decimal 8250)
   defining Unicode char U+2423 (decimal 9251)
)
Now handling font encoding OT1 ...
... processing UTF-8 mapping file for font encoding OT1

("C:\Program Files (x86)\Logiciel\MikTex\tex\latex\base\ot1enc.dfu"
File: ot1enc.dfu 2008/04/05 v1.1m UTF-8 support for inputenc
   defining Unicode char U+00A1 (decimal 161)
   defining Unicode char U+00A3 (decimal 163)
   defining Unicode char U+00B8 (decimal 184)
   defining Unicode char U+00BF (decimal 191)
   defining Unicode char U+00C5 (decimal 197)
   defining Unicode char U+00C6 (decimal 198)
   defining Unicode char U+00D8 (decimal 216)
   defining Unicode char U+00DF (decimal 223)
   defining Unicode char U+00E6 (decimal 230)
   defining Unicode char U+00EC (decimal 236)
   defining Unicode char U+00ED (decimal 237)
   defining Unicode char U+00EE (decimal 238)
   defining Unicode char U+00EF (decimal 239)
   defining Unicode char U+00F8 (decimal 248)
   defining Unicode char U+0131 (decimal 305)
   defining Unicode char U+0141 (decimal 321)
   defining Unicode char U+0142 (decimal 322)
   defining Unicode char U+0152 (decimal 338)
   defining Unicode char U+0153 (decimal 339)
   defining Unicode char U+2013 (decimal 8211)
   defining Unicode char U+2014 (decimal 8212)
   defining Unicode char U+2018 (decimal 8216)
   defining Unicode char U+2019 (decimal 8217)
   defining Unicode char U+201C (decimal 8220)
   defining Unicode char U+201D (decimal 8221)
)
Now handling font encoding OMS ...
... processing UTF-8 mapping file for font encoding OMS

("C:\Program Files (x86)\Logiciel\MikTex\tex\latex\base\omsenc.dfu"
File: omsenc.dfu 2008/04/05 v1.1m UTF-8 support for inputenc
   defining Unicode char U+00A7 (decimal 167)
   defining Unicode char U+00B6 (decimal 182)
   defining Unicode char U+00B7 (decimal 183)
   defining Unicode char U+2020 (decimal 8224)
   defining Unicode char U+2021 (decimal 8225)
   defining Unicode char U+2022 (decimal 8226)
)
Now handling font encoding OMX ...
... no UTF-8 mapping file for font encoding OMX
Now handling font encoding U ...
... no UTF-8 mapping file for font encoding U
   defining Unicode char U+00A9 (decimal 169)
   defining Unicode char U+00AA (decimal 170)
   defining Unicode char U+00AE (decimal 174)
   defining Unicode char U+00BA (decimal 186)
   defining Unicode char U+02C6 (decimal 710)
   defining Unicode char U+02DC (decimal 732)
   defining Unicode char U+200C (decimal 8204)
   defining Unicode char U+2026 (decimal 8230)
   defining Unicode char U+2122 (decimal 8482)
   defining Unicode char U+2423 (decimal 9251)
))
("C:\Program Files (x86)\Logiciel\MikTex\tex\generic\babel\babel.sty"
Package: babel 2008/07/08 v3.8m The Babel package

*************************************
* Local config file bblopts.cfg used
*
("C:\Program Files (x86)\Logiciel\MikTex\tex\latex\00miktex\bblopts.cfg"
File: bblopts.cfg 2006/07/31 v1.0 MiKTeX 'babel' configuration
)
("C:\Program Files (x86)\Logiciel\MikTex\tex\generic\babel\frenchb.ldf"
Language: frenchb 2009/03/16 v2.3d French support from the babel system

("C:\Program Files (x86)\Logiciel\MikTex\tex\generic\babel\babel.def"
File: babel.def 2008/07/08 v3.8m Babel common definitions
\babel@savecnt=\count88
\U@D=\dimen103
)
Package babel Info: Making : an active character on input line 120.
Package babel Info: Making ; an active character on input line 121.
Package babel Info: Making ! an active character on input line 122.
Package babel Info: Making ? an active character on input line 123.
\FB@Mht=\dimen104
\std@mcc=\count89
\dec@mcc=\count90
\parindentFFN=\dimen105

*************************************
* Local config file frenchb.cfg used
*
("C:\Program Files (x86)\Logiciel\MikTex\tex\generic\babel\frenchb.cfg")))
("C:\Program Files (x86)\Logiciel\MikTex\tex\latex\carlisle\scalefnt.sty")
("C:\Program Files (x86)\Logiciel\MikTex\tex\latex\graphics\keyval.sty"
Package: keyval 1999/03/16 v1.13 key=value parser (DPC)
\KV@toks@=\toks16
)
(C:\Users\FRED\AppData\Roaming\MiKTeX\2.9\tex\latex\a4wide\a4wide.sty
Package: a4wide 1994/08/30

(C:\Users\FRED\AppData\Roaming\MiKTeX\2.9\tex\latex\ntgclass\a4.sty
Package: a4 2004/04/15 v1.2g A4 based page layout
))
(C:\Users\FRED\AppData\Roaming\MiKTeX\2.9\tex\latex\pdfpages\pdfpages.sty
Package: pdfpages 2012/08/31 v0.4t Insert pages of external PDF documents (AM)

("C:\Program Files (x86)\Logiciel\MikTex\tex\latex\base\ifthen.sty"
Package: ifthen 2001/05/26 v1.1c Standard LaTeX ifthen package (DPC)
)
("C:\Program Files (x86)\Logiciel\MikTex\tex\latex\tools\calc.sty"
Package: calc 2007/08/22 v4.3 Infix arithmetic (KKT,FJ)
\calc@Acount=\count91
\calc@Bcount=\count92
\calc@Adimen=\dimen106
\calc@Bdimen=\dimen107
\calc@Askip=\skip43
\calc@Bskip=\skip44
LaTeX Info: Redefining \setlength on input line 76.
LaTeX Info: Redefining \addtolength on input line 77.
\calc@Ccount=\count93
\calc@Cskip=\skip45
)
(C:\Users\FRED\AppData\Roaming\MiKTeX\2.9\tex\latex\eso-pic\eso-pic.sty
Package: eso-pic 2010/10/06 v2.0c eso-pic (RN)

("C:\Program Files (x86)\Logiciel\MikTex\tex\generic\oberdiek\atbegshi.sty"
Package: atbegshi 2011/10/05 v1.16 At begin shipout hook (HO)

("C:\Program Files (x86)\Logiciel\MikTex\tex\generic\oberdiek\infwarerr.sty"
Package: infwarerr 2010/04/08 v1.3 Providing info/warning/error messages (HO)
)
("C:\Program Files (x86)\Logiciel\MikTex\tex\generic\oberdiek\ltxcmds.sty"
Package: ltxcmds 2011/11/09 v1.22 LaTeX kernel commands for general use (HO)
)
("C:\Program Files (x86)\Logiciel\MikTex\tex\generic\oberdiek\ifpdf.sty"
Package: ifpdf 2011/01/30 v2.3 Provides the ifpdf switch (HO)
Package ifpdf Info: pdfTeX in PDF mode is detected.
))
(C:\Users\FRED\AppData\Roaming\MiKTeX\2.9\tex\latex\xcolor\xcolor.sty
Package: xcolor 2007/01/21 v2.11 LaTeX color extensions (UK)

("C:\Program Files (x86)\Logiciel\MikTex\tex\latex\00miktex\color.cfg"
File: color.cfg 2007/01/18 v1.5 color configuration of teTeX/TeXLive
)
Package xcolor Info: Driver file: pdftex.def on input line 225.

("C:\Program Files (x86)\Logiciel\MikTex\tex\latex\pdftex-def\pdftex.def"
File: pdftex.def 2011/05/27 v0.06d Graphics/color for pdfTeX
\Gread@gobject=\count94
)
Package xcolor Info: Model `cmy' substituted by `cmy0' on input line 1337.
Package xcolor Info: Model `hsb' substituted by `rgb' on input line 1341.
Package xcolor Info: Model `RGB' extended on input line 1353.
Package xcolor Info: Model `HTML' substituted by `rgb' on input line 1355.
Package xcolor Info: Model `Hsb' substituted by `hsb' on input line 1356.
Package xcolor Info: Model `tHsb' substituted by `hsb' on input line 1357.
Package xcolor Info: Model `HSB' substituted by `hsb' on input line 1358.
Package xcolor Info: Model `Gray' substituted by `gray' on input line 1359.
Package xcolor Info: Model `wave' substituted by `hsb' on input line 1360.
))
("C:\Program Files (x86)\Logiciel\MikTex\tex\latex\graphics\graphicx.sty"
Package: graphicx 1999/02/16 v1.0f Enhanced LaTeX Graphics (DPC,SPQR)

("C:\Program Files (x86)\Logiciel\MikTex\tex\latex\graphics\graphics.sty"
Package: graphics 2009/02/05 v1.0o Standard LaTeX Graphics (DPC,SPQR)

("C:\Program Files (x86)\Logiciel\MikTex\tex\latex\graphics\trig.sty"
Package: trig 1999/03/16 v1.09 sin cos tan (DPC)
)
("C:\Program Files (x86)\Logiciel\MikTex\tex\latex\00miktex\graphics.cfg"
File: graphics.cfg 2007/01/18 v1.5 graphics configuration of teTeX/TeXLive
)
Package graphics Info: Driver file: pdftex.def on input line 91.
)
\Gin@req@height=\dimen108
\Gin@req@width=\dimen109
)
(C:\Users\FRED\AppData\Roaming\MiKTeX\2.9\tex\latex\pdfpages\pppdftex.def
File: pppdftex.def 2012/08/31 v0.4t Pdfpages driver for pdfTeX (AM)
)
\AM@pagebox=\box26
\AM@toc@title=\toks17
\c@AM@survey=\count95
\AM@templatesizebox=\box27
)
("C:\Program Files (x86)\Logiciel\MikTex\tex\latex\tools\varioref.sty"
Package: varioref 2011/10/02 v1.4z package for extended references (FMi)
\c@vrcnt=\count96
)
("C:\Program Files (x86)\Logiciel\MikTex\tex\latex\hyperref\hyperref.sty"
Package: hyperref 2012/11/06 v6.83m Hypertext links for LaTeX

("C:\Program Files (x86)\Logiciel\MikTex\tex\generic\oberdiek\hobsub-hyperref.s
ty"
Package: hobsub-hyperref 2012/04/25 v1.12 Bundle oberdiek, subset hyperref (HO)


("C:\Program Files (x86)\Logiciel\MikTex\tex\generic\oberdiek\hobsub-generic.st
y"
Package: hobsub-generic 2012/04/25 v1.12 Bundle oberdiek, subset generic (HO)
Package: hobsub 2012/04/25 v1.12 Construct package bundles (HO)
Package hobsub Info: Skipping package `infwarerr' (already loaded).
Package hobsub Info: Skipping package `ltxcmds' (already loaded).
Package: ifluatex 2010/03/01 v1.3 Provides the ifluatex switch (HO)
Package ifluatex Info: LuaTeX not detected.
Package: ifvtex 2010/03/01 v1.5 Detect VTeX and its facilities (HO)
Package ifvtex Info: VTeX not detected.
Package: intcalc 2007/09/27 v1.1 Expandable calculations with integers (HO)
Package hobsub Info: Skipping package `ifpdf' (already loaded).
Package: etexcmds 2011/02/16 v1.5 Avoid name clashes with e-TeX commands (HO)
Package etexcmds Info: Could not find \expanded.
(etexcmds)             That can mean that you are not using pdfTeX 1.50 or
(etexcmds)             that some package has redefined \expanded.
(etexcmds)             In the latter case, load this package earlier.
Package: kvsetkeys 2012/04/25 v1.16 Key value parser (HO)
Package: kvdefinekeys 2011/04/07 v1.3 Define keys (HO)
Package: pdftexcmds 2011/11/29 v0.20 Utility functions of pdfTeX for LuaTeX (HO
)
Package pdftexcmds Info: LuaTeX not detected.
Package pdftexcmds Info: \pdf@primitive is available.
Package pdftexcmds Info: \pdf@ifprimitive is available.
Package pdftexcmds Info: \pdfdraftmode found.
Package: pdfescape 2011/11/25 v1.13 Implements pdfTeX's escape features (HO)
Package: bigintcalc 2012/04/08 v1.3 Expandable calculations on big integers (HO
)
Package: bitset 2011/01/30 v1.1 Handle bit-vector datatype (HO)
Package: uniquecounter 2011/01/30 v1.2 Provide unlimited unique counter (HO)
)
Package hobsub Info: Skipping package `hobsub' (already loaded).
Package: letltxmacro 2010/09/02 v1.4 Let assignment for LaTeX macros (HO)
Package: hopatch 2011/06/24 v1.1 Wrapper for package hooks (HO)
Package: xcolor-patch 2011/01/30 xcolor patch
Package: atveryend 2011/06/30 v1.8 Hooks at the very end of document (HO)
Package atveryend Info: \enddocument detected (standard20110627).
Package hobsub Info: Skipping package `atbegshi' (already loaded).
Package: refcount 2011/10/16 v3.4 Data extraction from label references (HO)
Package: hycolor 2011/01/30 v1.7 Color options for hyperref/bookmark (HO)
) ("C:\Program Files (x86)\Logiciel\MikTex\tex\generic\ifxetex\ifxetex.sty"
Package: ifxetex 2010/09/12 v0.6 Provides ifxetex conditional
) ("C:\Program Files (x86)\Logiciel\MikTex\tex\latex\oberdiek\auxhook.sty"
Package: auxhook 2011/03/04 v1.3 Hooks for auxiliary files (HO)
)
("C:\Program Files (x86)\Logiciel\MikTex\tex\latex\oberdiek\kvoptions.sty"
Package: kvoptions 2011/06/30 v3.11 Key value format for package options (HO)
)
\@linkdim=\dimen110
\Hy@linkcounter=\count97
\Hy@pagecounter=\count98

("C:\Program Files (x86)\Logiciel\MikTex\tex\latex\hyperref\pd1enc.def"
File: pd1enc.def 2012/11/06 v6.83m Hyperref: PDFDocEncoding definition (HO)
Now handling font encoding PD1 ...
... no UTF-8 mapping file for font encoding PD1
)
\Hy@SavedSpaceFactor=\count99

("C:\Program Files (x86)\Logiciel\MikTex\tex\latex\00miktex\hyperref.cfg"
File: hyperref.cfg 2002/06/06 v1.2 hyperref configuration of TeXLive
)
Package hyperref Info: Hyper figures OFF on input line 4443.
Package hyperref Info: Link nesting OFF on input line 4448.
Package hyperref Info: Hyper index ON on input line 4451.
Package hyperref Info: Plain pages OFF on input line 4458.
Package hyperref Info: Backreferencing OFF on input line 4463.
Package hyperref Info: Implicit mode ON; LaTeX internals redefined.
Package hyperref Info: Bookmarks ON on input line 4688.
\c@Hy@tempcnt=\count100

("C:\Program Files (x86)\Logiciel\MikTex\tex\latex\ltxmisc\url.sty"
\Urlmuskip=\muskip10
Package: url 2006/04/12  ver 3.3  Verb mode for urls, etc.
)
LaTeX Info: Redefining \url on input line 5041.
\XeTeXLinkMargin=\dimen111
\Fld@menulength=\count101
\Field@Width=\dimen112
\Fld@charsize=\dimen113
Package hyperref Info: Hyper figures OFF on input line 6295.
Package hyperref Info: Link nesting OFF on input line 6300.
Package hyperref Info: Hyper index ON on input line 6303.
Package hyperref Info: backreferencing OFF on input line 6310.
Package hyperref Info: Link coloring OFF on input line 6315.
Package hyperref Info: Link coloring with OCG OFF on input line 6320.
Package hyperref Info: PDF/A mode OFF on input line 6325.
LaTeX Info: Redefining \ref on input line 6365.
LaTeX Info: Redefining \pageref on input line 6369.
\Hy@abspage=\count102
\c@Item=\count103
\c@Hfootnote=\count104
)

Package hyperref Message: Driver: hpdftex.

("C:\Program Files (x86)\Logiciel\MikTex\tex\latex\hyperref\hpdftex.def"
File: hpdftex.def 2012/11/06 v6.83m Hyperref driver for pdfTeX
\Fld@listcount=\count105
\c@bookmark@seq@number=\count106

("C:\Program Files (x86)\Logiciel\MikTex\tex\latex\oberdiek\rerunfilecheck.sty"
Package: rerunfilecheck 2011/04/15 v1.7 Rerun checks for auxiliary files (HO)
Package uniquecounter Info: New unique counter `rerunfilecheck' on input line 2
82.
)
\Hy@SectionHShift=\skip46
) (C:\Users\FRED\AppData\Roaming\MiKTeX\2.9\tex\latex\cite\cite.sty
LaTeX Info: Redefining \cite on input line 302.
LaTeX Info: Redefining \nocite on input line 373.
Package: cite 2010/09/10  v 5.3
)
(C:\Users\FRED\AppData\Roaming\MiKTeX\2.9\tex\latex\fancyhdr\fancyhdr.sty
\fancy@headwidth=\skip47
\f@ncyO@elh=\skip48
\f@ncyO@erh=\skip49
\f@ncyO@olh=\skip50
\f@ncyO@orh=\skip51
\f@ncyO@elf=\skip52
\f@ncyO@erf=\skip53
\f@ncyO@olf=\skip54
\f@ncyO@orf=\skip55
)
("C:\Program Files (x86)\Logiciel\MikTex\tex\latex\tools\array.sty"
Package: array 2008/09/09 v2.4c Tabular extension package (FMi)
\col@sep=\dimen114
\extrarowheight=\dimen115
\NC@list=\toks18
\extratabsurround=\skip56
\backup@length=\skip57
)
("C:\Program Files (x86)\Logiciel\MikTex\tex\latex\multirow\multirow.sty"
\bigstrutjot=\dimen116
)
("C:\Program Files (x86)\Logiciel\MikTex\tex\latex\tools\longtable.sty"
Package: longtable 2004/02/01 v4.11 Multi-page Table package (DPC)
\LTleft=\skip58
\LTright=\skip59
\LTpre=\skip60
\LTpost=\skip61
\LTchunksize=\count107
\LTcapwidth=\dimen117
\LT@head=\box28
\LT@firsthead=\box29
\LT@foot=\box30
\LT@lastfoot=\box31
\LT@cols=\count108
\LT@rows=\count109
\c@LT@tables=\count110
\c@LT@chunks=\count111
\LT@p@ftn=\toks19
)
(C:\Users\FRED\AppData\Roaming\MiKTeX\2.9\tex\latex\slashbox\slashbox.sty
slashbox style by K.Yasuoka, May 1993.
\@slashboxa=\box32
\@slashboxb=\box33
\@slashboxc=\box34
\@slashboxwd=\count112
\@slashboxht=\count113
\@slashsepl=\dimen118
\@slashsepr=\dimen119
) (C:\Users\FRED\AppData\Roaming\MiKTeX\2.9\tex\latex\rotating\rotating.sty
Package: rotating 2009/03/28 v2.16a rotated objects in LaTeX
\c@r@tfl@t=\count114
\rotFPtop=\skip62
\rotFPbot=\skip63
\rot@float@box=\box35
\rot@mess@toks=\toks20
)
("C:\Program Files (x86)\Logiciel\MikTex\tex\latex\float\float.sty"
Package: float 2001/11/08 v1.3d Float enhancements (AL)
\c@float@type=\count115
\float@exts=\toks21
\float@box=\box36
\@float@everytoks=\toks22
\@floatcapt=\box37
)
(C:\Users\FRED\AppData\Roaming\MiKTeX\2.9\tex\latex\colortbl\colortbl.sty
Package: colortbl 2012/02/13 v1.0a Color table columns (DPC)
\everycr=\toks23
\minrowclearance=\skip64
)
(C:\Users\FRED\AppData\Roaming\MiKTeX\2.9\tex\latex\eepic\epic.sty
Enhancements to Picture Environment. Version 1.2 - Released June 1, 1986
\@@multicnt=\count116
\d@lta=\count117
\@delta=\dimen120
\@@delta=\dimen121
\@gridcnt=\count118
\@joinkind=\count119
\@dotgap=\dimen122
\@ddotgap=\dimen123
\@x@diff=\count120
\@y@diff=\count121
\x@diff=\dimen124
\y@diff=\dimen125
\@dotbox=\box38
\num@segments=\count122
\num@segmentsi=\count123
\@datafile=\read1
) (C:\Users\FRED\AppData\Roaming\MiKTeX\2.9\tex\latex\wrapfig\wrapfig.sty
\wrapoverhang=\dimen126
\WF@size=\dimen127
\c@WF@wrappedlines=\count124
\WF@box=\box39
\WF@everypar=\toks24
Package: wrapfig 2003/01/31  v 3.6
)
(C:\Users\FRED\AppData\Roaming\MiKTeX\2.9\tex\latex\subfigure\subfigure.sty
Package: subfigure 2002/07/30 v2.1.4 subfigure package
\subfigtopskip=\skip65
\subfigcapskip=\skip66
\subfigcaptopadj=\dimen128
\subfigbottomskip=\skip67
\subfigcapmargin=\dimen129
\subfiglabelskip=\skip68
\c@subfigure=\count125
\c@lofdepth=\count126
\c@subtable=\count127
\c@lotdepth=\count128

****************************************
* Local config file subfigure.cfg used *
****************************************
(C:\Users\FRED\AppData\Roaming\MiKTeX\2.9\tex\latex\subfigure\subfigure.cfg)
\subfig@top=\skip69
\subfig@bottom=\skip70
)
("C:\Program Files (x86)\Logiciel\MikTex\tex\latex\amsmath\amsmath.sty"
Package: amsmath 2013/01/14 v2.14 AMS math features
\@mathmargin=\skip71

For additional information on amsmath, use the `?' option.
("C:\Program Files (x86)\Logiciel\MikTex\tex\latex\amsmath\amstext.sty"
Package: amstext 2000/06/29 v2.01

("C:\Program Files (x86)\Logiciel\MikTex\tex\latex\amsmath\amsgen.sty"
File: amsgen.sty 1999/11/30 v2.0
\@emptytoks=\toks25
\ex@=\dimen130
))
("C:\Program Files (x86)\Logiciel\MikTex\tex\latex\amsmath\amsbsy.sty"
Package: amsbsy 1999/11/29 v1.2d
\pmbraise@=\dimen131
)
("C:\Program Files (x86)\Logiciel\MikTex\tex\latex\amsmath\amsopn.sty"
Package: amsopn 1999/12/14 v2.01 operator names
)
\inf@bad=\count129
LaTeX Info: Redefining \frac on input line 210.
\uproot@=\count130
\leftroot@=\count131
LaTeX Info: Redefining \overline on input line 306.
\classnum@=\count132
\DOTSCASE@=\count133
LaTeX Info: Redefining \ldots on input line 378.
LaTeX Info: Redefining \dots on input line 381.
LaTeX Info: Redefining \cdots on input line 466.
\Mathstrutbox@=\box40
\strutbox@=\box41
\big@size=\dimen132
LaTeX Font Info:    Redeclaring font encoding OML on input line 566.
LaTeX Font Info:    Redeclaring font encoding OMS on input line 567.
\macc@depth=\count134
\c@MaxMatrixCols=\count135
\dotsspace@=\muskip11
\c@parentequation=\count136
\dspbrk@lvl=\count137
\tag@help=\toks26
\row@=\count138
\column@=\count139
\maxfields@=\count140
\andhelp@=\toks27
\eqnshift@=\dimen133
\alignsep@=\dimen134
\tagshift@=\dimen135
\tagwidth@=\dimen136
\totwidth@=\dimen137
\lineht@=\dimen138
\@envbody=\toks28
\multlinegap=\skip72
\multlinetaggap=\skip73
\mathdisplay@stack=\toks29
LaTeX Info: Redefining \[ on input line 2665.
LaTeX Info: Redefining \] on input line 2666.
)
("C:\Program Files (x86)\Logiciel\MikTex\tex\latex\amsfonts\amsfonts.sty"
Package: amsfonts 2013/01/14 v3.01 Basic AMSFonts support
\symAMSa=\mathgroup4
\symAMSb=\mathgroup5
LaTeX Font Info:    Overwriting math alphabet `\mathfrak' in version `bold'
(Font)                  U/euf/m/n --> U/euf/b/n on input line 106.
)
("C:\Program Files (x86)\Logiciel\MikTex\tex\latex\jknappen\mathrsfs.sty"
Package: mathrsfs 1996/01/01 Math RSFS package v1.0 (jk)
\symrsfs=\mathgroup6
)
("C:\Program Files (x86)\Logiciel\MikTex\tex\latex\amsfonts\amssymb.sty"
Package: amssymb 2013/01/14 v3.01 AMS font symbols
)
("C:\Program Files (x86)\Logiciel\MikTex\tex\latex\amscls\amsthm.sty"
Package: amsthm 2004/08/06 v2.20
\thm@style=\toks30
\thm@bodyfont=\toks31
\thm@headfont=\toks32
\thm@notefont=\toks33
\thm@headpunct=\toks34
\thm@preskip=\skip74
\thm@postskip=\skip75
\thm@headsep=\skip76
\dth@everypar=\toks35
)
("C:\Program Files (x86)\Logiciel\MikTex\tex\latex\tools\tabularx.sty"
Package: tabularx 1999/01/07 v2.07 `tabularx' package (DPC)
\TX@col@width=\dimen139
\TX@old@table=\dimen140
\TX@old@col=\dimen141
\TX@target=\dimen142
\TX@delta=\dimen143
\TX@cols=\count141
\TX@ftn=\toks36
)
("C:\Program Files (x86)\Logiciel\MikTex\tex\latex\eurosym\eurosym.sty"
Package: eurosym 1998/08/06 v1.1 European currency symbol ``Euro''
\@eurobox=\box42
)
(C:\Users\FRED\AppData\Roaming\MiKTeX\2.9\tex\latex\tocbibind\tocbibind.sty
Package: tocbibind 2010/10/13 v1.5k extra ToC listings
Package tocbibind Info: The document has chapter divisions on input line 50.


Package tocbibind Note: Using chapter style headings, unless overridden.

)
("C:\Users\FRED\Documents\FRED\Traveaux GTI 2A\Projet stockage sensible\Rapport
 projet conception\Projet_conception.aux"
("C:\Users\FRED\Documents\FRED\Traveaux GTI 2A\Projet stockage sensible\Rapport
 projet conception\Desc_air_storage.aux")
("C:\Users\FRED\Documents\FRED\Traveaux GTI 2A\Projet stockage sensible\Rapport
 projet conception\Code.aux")
("C:\Users\FRED\Documents\FRED\Traveaux GTI 2A\Projet stockage sensible\Rapport
 projet conception\analyse1.aux"

LaTeX Warning: Label `graph3' multiply defined.

)
("C:\Users\FRED\Documents\FRED\Traveaux GTI 2A\Projet stockage sensible\Rapport
 projet conception\sol_alternative.aux")
("C:\Users\FRED\Documents\FRED\Traveaux GTI 2A\Projet stockage sensible\Rapport
 projet conception\dernier_code.aux")
("C:\Users\FRED\Documents\FRED\Traveaux GTI 2A\Projet stockage sensible\Rapport
 projet conception\Conclusion.aux"))
LaTeX Font Info:    Checking defaults for OML/cmm/m/it on input line 63.
LaTeX Font Info:    ... okay on input line 63.
LaTeX Font Info:    Checking defaults for T1/cmr/m/n on input line 63.
LaTeX Font Info:    ... okay on input line 63.
LaTeX Font Info:    Checking defaults for OT1/cmr/m/n on input line 63.
LaTeX Font Info:    ... okay on input line 63.
LaTeX Font Info:    Checking defaults for OMS/cmsy/m/n on input line 63.
LaTeX Font Info:    ... okay on input line 63.
LaTeX Font Info:    Checking defaults for OMX/cmex/m/n on input line 63.
LaTeX Font Info:    ... okay on input line 63.
LaTeX Font Info:    Checking defaults for U/cmr/m/n on input line 63.
LaTeX Font Info:    ... okay on input line 63.
LaTeX Font Info:    Checking defaults for PD1/pdf/m/n on input line 63.
LaTeX Font Info:    ... okay on input line 63.
LaTeX Info: Redefining \degres on input line 63.
LaTeX Info: Redefining \dots on input line 63.
LaTeX Info: Redefining \up on input line 63.


Package frenchb.ldf Warning: OT1 encoding should not be used for French. 
(frenchb.ldf)                Add \usepackage[T1]{fontenc} to the preamble
(frenchb.ldf)                of your document, on input line 63.

\AtBeginShipoutBox=\box43
(C:\Users\FRED\AppData\Roaming\MiKTeX\2.9\tex\context\base\supp-pdf.mkii
[Loading MPS to PDF converter (version 2006.09.02).]
\scratchcounter=\count142
\scratchdimen=\dimen144
\scratchbox=\box44
\nofMPsegments=\count143
\nofMParguments=\count144
\everyMPshowfont=\toks37
\MPscratchCnt=\count145
\MPscratchDim=\dimen145
\MPnumerator=\count146
\makeMPintoPDFobject=\count147
\everyMPtoPDFconversion=\toks38
)
Package hyperref Info: Link coloring OFF on input line 63.
 ("C:\Program Files (x86)\Logiciel\MikTex\tex\latex\hyperref\nameref.sty"
Package: nameref 2012/10/27 v2.43 Cross-referencing by name of section

("C:\Program Files (x86)\Logiciel\MikTex\tex\generic\oberdiek\gettitlestring.st
y"
Package: gettitlestring 2010/12/03 v1.4 Cleanup title references (HO)
)
\c@section@level=\count148
LaTeX Info: Redefining \Ref on input line 513.
)
LaTeX Info: Redefining \ref on input line 63.
LaTeX Info: Redefining \pageref on input line 63.
LaTeX Info: Redefining \nameref on input line 63.

("C:\Users\FRED\Documents\FRED\Traveaux GTI 2A\Projet stockage sensible\Rapport
 projet conception\Projet_conception.out")
("C:\Users\FRED\Documents\FRED\Traveaux GTI 2A\Projet stockage sensible\Rapport
 projet conception\Projet_conception.out")
\@outlinefile=\write3
LaTeX Info: Redefining \Ref on input line 63.

<photo/ensgti.jpg, id=135, 165.61874pt x 106.89937pt>
File: photo/ensgti.jpg Graphic file (type jpg)
 <use photo/ensgti.jpg>
Package pdftex.def Info: photo/ensgti.jpg used on input line 73.
(pdftex.def)             Requested size: 165.61833pt x 106.8991pt.


LaTeX Font Warning: Font shape `OT1/cmr/bx/sc' undefined
(Font)              using `OT1/cmr/bx/n' instead on input line 79.

LaTeX Font Info:    Try loading font information for U+msa on input line 88.
("C:\Program Files (x86)\Logiciel\MikTex\tex\latex\amsfonts\umsa.fd"
File: umsa.fd 2013/01/14 v3.01 AMS symbols A
)
LaTeX Font Info:    Try loading font information for U+msb on input line 88.

("C:\Program Files (x86)\Logiciel\MikTex\tex\latex\amsfonts\umsb.fd"
File: umsb.fd 2013/01/14 v3.01 AMS symbols B
)
LaTeX Font Info:    Try loading font information for U+rsfs on input line 88.

("C:\Program Files (x86)\Logiciel\MikTex\tex\latex\jknappen\ursfs.fd"
File: ursfs.fd 1998/03/24 rsfs font definition file (jk)
) [1

{C:/Users/FRED/AppData/Local/MiKTeX/2.9/pdftex/config/pdftex.map} <C:/Users/FRE
D/Documents/FRED/Traveaux GTI 2A/Projet stockage sensible/Rapport projet concep
tion/photo/ensgti.jpg>]

Package Fancyhdr Warning: \headheight is too small (12.0pt): 
 Make it at least 12.09006pt.
 We now make it that large for the rest of the document.
 This may cause the page layout to be inconsistent, however.

[2

]
("C:\Users\FRED\Documents\FRED\Traveaux GTI 2A\Projet stockage sensible\Rapport
 projet conception\Projet_conception.toc")
\tf@toc=\write4
 [3]

Package Fancyhdr Warning: \headheight is too small (12.0pt): 
 Make it at least 12.09006pt.
 We now make it that large for the rest of the document.
 This may cause the page layout to be inconsistent, however.

[4

]
("C:\Users\FRED\Documents\FRED\Traveaux GTI 2A\Projet stockage sensible\Rapport
 projet conception\Projet_conception.lof")
\tf@lof=\write5
 [5]

Package Fancyhdr Warning: \headheight is too small (12.0pt): 
 Make it at least 12.09006pt.
 We now make it that large for the rest of the document.
 This may cause the page layout to be inconsistent, however.

[6

]
("C:\Users\FRED\Documents\FRED\Traveaux GTI 2A\Projet stockage sensible\Rapport
 projet conception\Projet_conception.lot")
\tf@lot=\write6
 [1]
("C:\Users\FRED\Documents\FRED\Traveaux GTI 2A\Projet stockage sensible\Rapport
 projet conception\Desc_air_storage.tex"

Package Fancyhdr Warning: \headheight is too small (12.0pt): 
 Make it at least 12.09006pt.
 We now make it that large for the rest of the document.
 This may cause the page layout to be inconsistent, however.

[2


]
Chapitre 1.

Underfull \hbox (badness 10000) in paragraph at lines 5--6

 []


Underfull \hbox (badness 10000) in paragraph at lines 7--8

 []

[3] <PHOTO/shema_base.jpg, id=247, 564.1075pt x 357.335pt>
File: PHOTO/shema_base.jpg Graphic file (type jpg)

<use PHOTO/shema_base.jpg>
Package pdftex.def Info: PHOTO/shema_base.jpg used on input line 19.
(pdftex.def)             Requested size: 394.87254pt x 250.13278pt.

Underfull \hbox (badness 10000) in paragraph at lines 24--25

 []


Underfull \hbox (badness 10000) in paragraph at lines 27--28

 []


Package Fancyhdr Warning: \headheight is too small (12.0pt): 
 Make it at least 12.09006pt.
 We now make it that large for the rest of the document.
 This may cause the page layout to be inconsistent, however.

[4pdfTeX warning (ext4): destination with the same identifier (name{figure.1.1}
) has been already used, duplicate ignored

\AtBegShi@Output ...ipout \box \AtBeginShipoutBox 
                                                  \fi \fi 
l.43 
      <C:/Users/FRED/Documents/FRED/Traveaux GTI 2A/Projet stockage sensible/Ra
pport projet conception/PHOTO/shema_base.jpg>]
Underfull \hbox (badness 10000) in paragraph at lines 56--57

 []


Underfull \hbox (badness 10000) in paragraph at lines 69--70

 []

<PHOTO/shema_fonctionnement.jpg, id=257, 870.25125pt x 679.53876pt>
File: PHOTO/shema_fonctionnement.jpg Graphic file (type jpg)

<use PHOTO/shema_fonctionnement.jpg>
Package pdftex.def Info: PHOTO/shema_fonctionnement.jpg used on input line 75.
(pdftex.def)             Requested size: 435.12456pt x 339.76855pt.

Overfull \hbox (10.53831pt too wide) in paragraph at lines 75--77
 [][] 
 []


LaTeX Warning: `!h' float specifier changed to `!ht'.

<PHOTO/tab1.png, id=258, 426.09187pt x 420.06938pt>
File: PHOTO/tab1.png Graphic file (type png)
 <use PHOTO/tab1.png>
Package pdftex.def Info: PHOTO/tab1.png used on input line 83.
(pdftex.def)             Requested size: 213.04541pt x 210.03418pt.


LaTeX Warning: `!h' float specifier changed to `!ht'.


Package Fancyhdr Warning: \headheight is too small (12.0pt): 
 Make it at least 12.09006pt.
 We now make it that large for the rest of the document.
 This may cause the page layout to be inconsistent, however.

[5]

LaTeX Warning: Text page 6 contains only floats.


Package Fancyhdr Warning: \headheight is too small (12.0pt): 
 Make it at least 12.09006pt.
 We now make it that large for the rest of the document.
 This may cause the page layout to be inconsistent, however.

[6pdfTeX warning (ext4): destination with the same identifier (name{figure.1.2}
) has been already used, duplicate ignored

\AtBegShi@Output ...ipout \box \AtBeginShipoutBox 
                                                  \fi \fi 
l.92 \newpage
             pdfTeX warning (ext4): destination with the same identifier (name{
figure.1.3}) has been already used, duplicate ignored

\AtBegShi@Output ...ipout \box \AtBeginShipoutBox 
                                                  \fi \fi 
l.92 \newpage
              <C:/Users/FRED/Documents/FRED/Traveaux GTI 2A/Projet stockage sen
sible/Rapport projet conception/PHOTO/shema_fonctionnement.jpg> <C:/Users/FRED/
Documents/FRED/Traveaux GTI 2A/Projet stockage sensible/Rapport projet concepti
on/PHOTO/tab1.png>]
Underfull \hbox (badness 10000) in paragraph at lines 94--95

 []


Underfull \hbox (badness 10000) in paragraph at lines 109--110

 []


Underfull \hbox (badness 10000) in paragraph at lines 120--121

 []


Underfull \hbox (badness 10000) in paragraph at lines 135--136

 []


Underfull \hbox (badness 10000) in paragraph at lines 158--159

 []


Overfull \hbox (11.82281pt too wide) in paragraph at lines 163--164
[]\OT1/cmr/m/n/10 Les ca-vernes de Hun-torf ont un vo-lume to-tal de $310\OML/c
mm/m/it/10 :\OT1/cmr/m/n/10 000\OML/cmm/m/it/10 m[]$\OT1/cmr/m/n/10 . Nous pou-
vons donc sto-cker $2\OML/cmm/m/it/10 ; \OT1/cmr/m/n/10 48000\OML/cmm/m/it/10 :
\OT1/cmr/m/n/10 10[]\OML/cmm/m/it/10 kg$\OT1/cmr/m/n/10 .
 []


Underfull \hbox (badness 10000) in paragraph at lines 163--164

 []


Underfull \hbox (badness 10000) in paragraph at lines 165--166

 []


Package Fancyhdr Warning: \headheight is too small (12.0pt): 
 Make it at least 12.09006pt.
 We now make it that large for the rest of the document.
 This may cause the page layout to be inconsistent, however.

[7]
Underfull \hbox (badness 10000) in paragraph at lines 172--173

 []


Underfull \hbox (badness 10000) in paragraph at lines 179--180

 []


Underfull \hbox (badness 10000) in paragraph at lines 183--184

 []


Underfull \hbox (badness 10000) in paragraph at lines 187--188

 []


Underfull \hbox (badness 10000) in paragraph at lines 194--195

 []


Underfull \hbox (badness 10000) in paragraph at lines 197--198

 []


Underfull \hbox (badness 10000) in paragraph at lines 201--202

 []


Underfull \hbox (badness 10000) in paragraph at lines 206--207

 []


Underfull \hbox (badness 10000) in paragraph at lines 208--209

 []


Underfull \hbox (badness 10000) in paragraph at lines 215--216

 []

)

Package Fancyhdr Warning: \headheight is too small (12.0pt): 
 Make it at least 12.09006pt.
 We now make it that large for the rest of the document.
 This may cause the page layout to be inconsistent, however.

[8]
("C:\Users\FRED\Documents\FRED\Traveaux GTI 2A\Projet stockage sensible\Rapport
 projet conception\Code.tex"
Chapitre 2.

Underfull \hbox (badness 10000) in paragraph at lines 14--15

 []


Underfull \hbox (badness 10000) in paragraph at lines 16--17

 []

[9



]
Underfull \hbox (badness 10000) in paragraph at lines 33--34

 []

<PHOTO/Shema_conf_geo.pdf, id=296, 722.7pt x 542.025pt>
File: PHOTO/Shema_conf_geo.pdf Graphic file (type pdf)

<use PHOTO/Shema_conf_geo.pdf>
Package pdftex.def Info: PHOTO/Shema_conf_geo.pdf used on input line 44.
(pdftex.def)             Requested size: 252.94878pt x 189.71158pt.

<PHOTO/Shema_maillage.pdf, id=297, 722.7pt x 542.025pt>
File: PHOTO/Shema_maillage.pdf Graphic file (type pdf)

<use PHOTO/Shema_maillage.pdf>
Package pdftex.def Info: PHOTO/Shema_maillage.pdf used on input line 53.
(pdftex.def)             Requested size: 361.3491pt x 271.01183pt.


Package Fancyhdr Warning: \headheight is too small (12.0pt): 
 Make it at least 12.09006pt.
 We now make it that large for the rest of the document.
 This may cause the page layout to be inconsistent, however.

[10pdfTeX warning (ext4): destination with the same identifier (name{figure.2.1
}) has been already used, duplicate ignored

\AtBegShi@Output ...ipout \box \AtBeginShipoutBox 
                                                  \fi \fi 
l.59 \newpage
             pdfTeX warning (ext4): destination with the same identifier (name{
figure.2.2}) has been already used, duplicate ignored

\AtBegShi@Output ...ipout \box \AtBeginShipoutBox 
                                                  \fi \fi 
l.59 \newpage
              <C:/Users/FRED/Documents/FRED/Traveaux GTI 2A/Projet stockage sen
sible/Rapport projet conception/PHOTO/Shema_conf_geo.pdf> <C:/Users/FRED/Docume
nts/FRED/Traveaux GTI 2A/Projet stockage sensible/Rapport projet conception/PHO
TO/Shema_maillage.pdf

pdfTeX warning: pdflatex (file C:/Users/FRED/Documents/FRED/Traveaux GTI 2A/Pro
jet stockage sensible/Rapport projet conception/PHOTO/Shema_maillage.pdf): PDF 
inclusion: multiple pdfs with page group included in a single page
>]
Underfull \hbox (badness 10000) in paragraph at lines 84--86

 []


Underfull \hbox (badness 10000) in paragraph at lines 91--92

 []


Package Fancyhdr Warning: \headheight is too small (12.0pt): 
 Make it at least 12.09006pt.
 We now make it that large for the rest of the document.
 This may cause the page layout to be inconsistent, however.

[11]
Underfull \hbox (badness 10000) in paragraph at lines 107--108

 []

<PHOTO/Organigramme_element.pdf, id=349, 542.025pt x 722.7pt>
File: PHOTO/Organigramme_element.pdf Graphic file (type pdf)

<use PHOTO/Organigramme_element.pdf>
Package pdftex.def Info: PHOTO/Organigramme_element.pdf used on input line 115.

(pdftex.def)             Requested size: 406.51775pt x 542.02367pt.


LaTeX Warning: `!h' float specifier changed to `!ht'.


Package Fancyhdr Warning: \headheight is too small (12.0pt): 
 Make it at least 12.09006pt.
 We now make it that large for the rest of the document.
 This may cause the page layout to be inconsistent, however.

[12]
Underfull \vbox (badness 10000) has occurred while \output is active []



Package Fancyhdr Warning: \headheight is too small (12.0pt): 
 Make it at least 12.09006pt.
 We now make it that large for the rest of the document.
 This may cause the page layout to be inconsistent, however.

[13pdfTeX warning (ext4): destination with the same identifier (name{figure.2.3
}) has been already used, duplicate ignored

\AtBegShi@Output ...ipout \box \AtBeginShipoutBox 
                                                  \fi \fi 
l.135 
       <C:/Users/FRED/Documents/FRED/Traveaux GTI 2A/Projet stockage sensible/R
apport projet conception/PHOTO/Organigramme_element.pdf>])

Package Fancyhdr Warning: \headheight is too small (12.0pt): 
 Make it at least 12.09006pt.
 We now make it that large for the rest of the document.
 This may cause the page layout to be inconsistent, however.

[14]
("C:\Users\FRED\Documents\FRED\Traveaux GTI 2A\Projet stockage sensible\Rapport
 projet conception\analyse1.tex"
Chapitre 3.

Underfull \hbox (badness 10000) in paragraph at lines 11--12

 []


Underfull \hbox (badness 10000) in paragraph at lines 13--14

 []


Underfull \hbox (badness 10000) in paragraph at lines 15--16

 []

<PHOTO/courbe1.png, id=458, 464.4853pt x 369.63094pt>
File: PHOTO/courbe1.png Graphic file (type png)
 <use PHOTO/courbe1.png>
Package pdftex.def Info: PHOTO/courbe1.png used on input line 22.
(pdftex.def)             Requested size: 185.79083pt x 147.84975pt.

<PHOTO/courbe2.png, id=460, 476.53032pt x 368.87813pt>
File: PHOTO/courbe2.png Graphic file (type png)
 <use PHOTO/courbe2.png>
Package pdftex.def Info: PHOTO/courbe2.png used on input line 29.
(pdftex.def)             Requested size: 190.60875pt x 147.54863pt.


LaTeX Warning: `!h' float specifier changed to `!ht'.

<PHOTO/courbe3.png, id=461, 501.37312pt x 389.95688pt>
File: PHOTO/courbe3.png Graphic file (type png)
 <use PHOTO/courbe3.png>
Package pdftex.def Info: PHOTO/courbe3.png used on input line 36.
(pdftex.def)             Requested size: 200.54568pt x 155.97998pt.


LaTeX Warning: `!h' float specifier changed to `!ht'.

[15



pdfTeX warning (ext4): destination with the same identifier (name{figure.3.1}) 
has been already used, duplicate ignored

\AtBegShi@Output ...ipout \box \AtBeginShipoutBox 
                                                  \fi \fi 
l.40 \newpage
              <C:/Users/FRED/Documents/FRED/Traveaux GTI 2A/Projet stockage sen
sible/Rapport projet conception/PHOTO/courbe1.png>]

Package Fancyhdr Warning: \headheight is too small (12.0pt): 
 Make it at least 12.09006pt.
 We now make it that large for the rest of the document.
 This may cause the page layout to be inconsistent, however.

[16pdfTeX warning (ext4): destination with the same identifier (name{figure.3.2
}) has been already used, duplicate ignored

\AtBegShi@Output ...ipout \box \AtBeginShipoutBox 
                                                  \fi \fi 
l.43 \newpage
             pdfTeX warning (ext4): destination with the same identifier (name{
figure.3.3}) has been already used, duplicate ignored

\AtBegShi@Output ...ipout \box \AtBeginShipoutBox 
                                                  \fi \fi 
l.43 \newpage
              <C:/Users/FRED/Documents/FRED/Traveaux GTI 2A/Projet stockage sen
sible/Rapport projet conception/PHOTO/courbe2.png> <C:/Users/FRED/Documents/FRE
D/Traveaux GTI 2A/Projet stockage sensible/Rapport projet conception/PHOTO/cour
be3.png>] <PHOTO/courbe4.png, id=473, 501.37312pt x 389.95688pt>
File: PHOTO/courbe4.png Graphic file (type png)

<use PHOTO/courbe4.png>
Package pdftex.def Info: PHOTO/courbe4.png used on input line 51.
(pdftex.def)             Requested size: 200.54568pt x 155.97998pt.


Package Fancyhdr Warning: \headheight is too small (12.0pt): 
 Make it at least 12.09006pt.
 We now make it that large for the rest of the document.
 This may cause the page layout to be inconsistent, however.

[17pdfTeX warning (ext4): destination with the same identifier (name{figure.3.4
}) has been already used, duplicate ignored

\AtBegShi@Output ...ipout \box \AtBeginShipoutBox 
                                                  \fi \fi 
l.57 \newpage
              <C:/Users/FRED/Documents/FRED/Traveaux GTI 2A/Projet stockage sen
sible/Rapport projet conception/PHOTO/courbe4.png>]
<PHOTO/organigramme_final.pdf, id=479, 542.025pt x 722.7pt>
File: PHOTO/organigramme_final.pdf Graphic file (type pdf)

<use PHOTO/organigramme_final.pdf>
Package pdftex.def Info: PHOTO/organigramme_final.pdf used on input line 63.
(pdftex.def)             Requested size: 406.51775pt x 542.02367pt.


Package Fancyhdr Warning: \headheight is too small (12.0pt): 
 Make it at least 12.09006pt.
 We now make it that large for the rest of the document.
 This may cause the page layout to be inconsistent, however.

[18pdfTeX warning (ext4): destination with the same identifier (name{figure.3.5
}) has been already used, duplicate ignored

\AtBegShi@Output ...ipout \box \AtBeginShipoutBox 
                                                  \fi \fi 
l.67 \newpage
              <C:/Users/FRED/Documents/FRED/Traveaux GTI 2A/Projet stockage sen
sible/Rapport projet conception/PHOTO/organigramme_final.pdf>])
("C:\Users\FRED\Documents\FRED\Traveaux GTI 2A\Projet stockage sensible\Rapport
 projet conception\sol_alternative.tex"
Chapitre 4.

Overfull \hbox (50.1367pt too wide) in paragraph at lines 11--18
 [][] 
 []


Overfull \hbox (50.1367pt too wide) in paragraph at lines 29--36
 [][] 
 []

) [19



pdfTeX warning (ext4): destination with the same identifier (name{table.4.1}) h
as been already used, duplicate ignored

\AtBegShi@Output ...ipout \box \AtBeginShipoutBox 
                                                  \fi \fi 
l.120 \include{sol_alternative}
                               pdfTeX warning (ext4): destination with the same
 identifier (name{table.4.2}) has been already used, duplicate ignored

\AtBegShi@Output ...ipout \box \AtBeginShipoutBox 
                                                  \fi \fi 
l.120 \include{sol_alternative}
                               ]

Package Fancyhdr Warning: \headheight is too small (12.0pt): 
 Make it at least 12.09006pt.
 We now make it that large for the rest of the document.
 This may cause the page layout to be inconsistent, however.

[20]
("C:\Users\FRED\Documents\FRED\Traveaux GTI 2A\Projet stockage sensible\Rapport
 projet conception\dernier_code.tex"

Package Fancyhdr Warning: \headheight is too small (12.0pt): 
 Make it at least 12.09006pt.
 We now make it that large for the rest of the document.
 This may cause the page layout to be inconsistent, however.

[21


] <PHOTO/Organigramme_dernier_prog_1.pdf, id=601, 542.025pt x 722.7pt>
File: PHOTO/Organigramme_dernier_prog_1.pdf Graphic file (type pdf)

<use PHOTO/Organigramme_dernier_prog_1.pdf>
Package pdftex.def Info: PHOTO/Organigramme_dernier_prog_1.pdf used on input li
ne 25.
(pdftex.def)             Requested size: 433.62057pt x 578.16078pt.

Overfull \hbox (9.03433pt too wide) in paragraph at lines 25--27
 [][] 
 []

<PHOTO/Organigramme_dernier_prog_2.pdf, id=602, 542.025pt x 722.7pt>
File: PHOTO/Organigramme_dernier_prog_2.pdf Graphic file (type pdf)

<use PHOTO/Organigramme_dernier_prog_2.pdf>
Package pdftex.def Info: PHOTO/Organigramme_dernier_prog_2.pdf used on input li
ne 34.
(pdftex.def)             Requested size: 433.62057pt x 578.16078pt.

Overfull \hbox (9.03433pt too wide) in paragraph at lines 34--36
 [][] 
 []


Package Fancyhdr Warning: \headheight is too small (12.0pt): 
 Make it at least 12.09006pt.
 We now make it that large for the rest of the document.
 This may cause the page layout to be inconsistent, however.

[22pdfTeX warning (ext4): destination with the same identifier (name{figure.4.1
}) has been already used, duplicate ignored

\AtBegShi@Output ...ipout \box \AtBeginShipoutBox 
                                                  \fi \fi 
l.37 \end{figure}
                  <C:/Users/FRED/Documents/FRED/Traveaux GTI 2A/Projet stockage
 sensible/Rapport projet conception/PHOTO/Organigramme_dernier_prog_1.pdf>]

Package Fancyhdr Warning: \headheight is too small (12.0pt): 
 Make it at least 12.09006pt.
 We now make it that large for the rest of the document.
 This may cause the page layout to be inconsistent, however.

[23pdfTeX warning (ext4): destination with the same identifier (name{figure.4.2
}) has been already used, duplicate ignored

\AtBegShi@Output ...ipout \box \AtBeginShipoutBox 
                                                  \fi \fi 
l.38 \clearpage
                <C:/Users/FRED/Documents/FRED/Traveaux GTI 2A/Projet stockage s
ensible/Rapport projet conception/PHOTO/Organigramme_dernier_prog_2.pdf>]
Underfull \hbox (badness 10000) in paragraph at lines 55--56

 []


Underfull \hbox (badness 10000) in paragraph at lines 63--64

 []

)

Package Fancyhdr Warning: \headheight is too small (12.0pt): 
 Make it at least 12.09006pt.
 We now make it that large for the rest of the document.
 This may cause the page layout to be inconsistent, however.

[24

]
("C:\Users\FRED\Documents\FRED\Traveaux GTI 2A\Projet stockage sensible\Rapport
 projet conception\Conclusion.tex"
Overfull \hbox (6.00438pt too wide) in paragraph at lines 7--8
\OT1/cmr/m/n/10 ckage sen-sible en regime in-stationnaire. Nous avons ren-cont
re enormement de problemes numeriques
 []


Underfull \hbox (badness 10000) in paragraph at lines 7--8

 []

) [25



]
Package atveryend Info: Empty hook `BeforeClearDocument' on input line 124.
Package atveryend Info: Empty hook `AfterLastShipout' on input line 124.

("C:\Users\FRED\Documents\FRED\Traveaux GTI 2A\Projet stockage sensible\Rapport
 projet conception\Projet_conception.aux"
("C:\Users\FRED\Documents\FRED\Traveaux GTI 2A\Projet stockage sensible\Rapport
 projet conception\Desc_air_storage.aux")
("C:\Users\FRED\Documents\FRED\Traveaux GTI 2A\Projet stockage sensible\Rapport
 projet conception\Code.aux")
("C:\Users\FRED\Documents\FRED\Traveaux GTI 2A\Projet stockage sensible\Rapport
 projet conception\analyse1.aux")
("C:\Users\FRED\Documents\FRED\Traveaux GTI 2A\Projet stockage sensible\Rapport
 projet conception\sol_alternative.aux")
("C:\Users\FRED\Documents\FRED\Traveaux GTI 2A\Projet stockage sensible\Rapport
 projet conception\dernier_code.aux")
("C:\Users\FRED\Documents\FRED\Traveaux GTI 2A\Projet stockage sensible\Rapport
 projet conception\Conclusion.aux"))
Package atveryend Info: Executing hook `AtVeryEndDocument' on input line 124.
Package atveryend Info: Executing hook `AtEndAfterFileList' on input line 124.
Package rerunfilecheck Info: File `Projet_conception.out' has not changed.
(rerunfilecheck)             Checksum: 89F1409439BE984DFA499B21E1C8BC70;2374.


LaTeX Font Warning: Some font shapes were not available, defaults substituted.


LaTeX Warning: There were multiply-defined labels.

Package atveryend Info: Empty hook `AtVeryVeryEnd' on input line 124.
 ) 
Here is how much of TeX's memory you used:
 9312 strings out of 493921
 137185 string characters out of 3142874
 234073 words of memory out of 3000000
 12256 multiletter control sequences out of 15000+200000
 11161 words of font info for 45 fonts, out of 3000000 for 9000
 841 hyphenation exceptions out of 8191
 37i,16n,43p,1727b,409s stack positions out of 5000i,500n,10000p,200000b,50000s
<C:/Program Files (x86)/Logiciel/MikTex/fonts/type1/public/amsfonts/cm/cmbx10
.pfb><C:/Program Files (x86)/Logiciel/MikTex/fonts/type1/public/amsfonts/cm/cmb
x12.pfb><C:/Program Files (x86)/Logiciel/MikTex/fonts/type1/public/amsfonts/cm/
cmcsc10.pfb><C:/Program Files (x86)/Logiciel/MikTex/fonts/type1/public/amsfonts
/cm/cmmi10.pfb><C:/Program Files (x86)/Logiciel/MikTex/fonts/type1/public/amsfo
nts/cm/cmmi5.pfb><C:/Program Files (x86)/Logiciel/MikTex/fonts/type1/public/ams
fonts/cm/cmmi7.pfb><C:/Program Files (x86)/Logiciel/MikTex/fonts/type1/public/a
msfonts/cm/cmr10.pfb><C:/Program Files (x86)/Logiciel/MikTex/fonts/type1/public
/amsfonts/cm/cmr12.pfb><C:/Program Files (x86)/Logiciel/MikTex/fonts/type1/publ
ic/amsfonts/cm/cmr7.pfb><C:/Program Files (x86)/Logiciel/MikTex/fonts/type1/pub
lic/amsfonts/cm/cmr9.pfb><C:/Program Files (x86)/Logiciel/MikTex/fonts/type1/pu
blic/amsfonts/cm/cmsy10.pfb><C:/Program Files (x86)/Logiciel/MikTex/fonts/type1
/public/amsfonts/cm/cmsy7.pfb><C:/Program Files (x86)/Logiciel/MikTex/fonts/typ
e1/public/amsfonts/cm/cmtt9.pfb><C:/Program Files (x86)/Logiciel/MikTex/fonts/t
ype1/public/eurosym/feymr10.pfb>
Output written on Projet_conception.pdf (31 pages, 2411643 bytes).
PDF statistics:
 860 PDF objects out of 1000 (max. 8388607)
 96 named destinations out of 1000 (max. 500000)
 335 words of extra memory for PDF output out of 10000 (max. 10000000)

