\BOOKMARK [0][-]{garde.0}{Page de garde}{}% 1
\BOOKMARK [0][-]{chapter.1}{Le stockage d'\351nergie par air comprim\351}{}% 2
\BOOKMARK [1][-]{section.1.1}{Introduction}{chapter.1}% 3
\BOOKMARK [1][-]{section.1.2}{Description du principe g\351n\351ral}{chapter.1}% 4
\BOOKMARK [2][-]{subsection.1.2.1}{Le cycle de l'air}{section.1.2}% 5
\BOOKMARK [2][-]{subsection.1.2.2}{La compression}{section.1.2}% 6
\BOOKMARK [1][-]{section.1.3}{Calcule de l'\351nergie perdue et n\351cessaire par le syst\350me}{chapter.1}% 7
\BOOKMARK [2][-]{subsection.1.3.1}{Calcule de la chaleur perdue}{section.1.3}% 8
\BOOKMARK [2][-]{subsection.1.3.2}{Calcule de la chaleur de combustion}{section.1.3}% 9
\BOOKMARK [1][-]{section.1.4}{Analyse \351conomique}{chapter.1}% 10
\BOOKMARK [0][-]{chapter.2}{Pr\351sentation du code de dimensionnement}{}% 11
\BOOKMARK [1][-]{section.2.1}{Introduction}{chapter.2}% 12
\BOOKMARK [1][-]{section.2.2}{Hypoth\350se simplificatrice}{chapter.2}% 13
\BOOKMARK [1][-]{section.2.3}{Le maillage}{chapter.2}% 14
\BOOKMARK [1][-]{section.2.4}{\311quations physiques r\351solues}{chapter.2}% 15
\BOOKMARK [1][-]{section.2.5}{Variables d'entr\351es et de sorties}{chapter.2}% 16
\BOOKMARK [2][-]{subsection.2.5.1}{Variables d'entr\351es}{section.2.5}% 17
\BOOKMARK [1][-]{section.2.6}{Organigramme}{chapter.2}% 18
\BOOKMARK [1][-]{section.2.7}{V\351rification du code}{chapter.2}% 19
\BOOKMARK [2][-]{subsection.2.7.1}{Convergence}{section.2.7}% 20
\BOOKMARK [2][-]{subsection.2.7.2}{Coherence du code}{section.2.7}% 21
\BOOKMARK [0][-]{chapter.3}{Optimisation du d\351-stockage}{}% 22
\BOOKMARK [1][-]{section.3.1}{Probl\350me rencontr\351}{chapter.3}% 23
\BOOKMARK [1][-]{section.3.2}{Organigramme de la boucle}{chapter.3}% 24
\BOOKMARK [0][-]{chapter.4}{Probl\350me rencontr\351 et solution alternative}{}% 25
\BOOKMARK [1][-]{section.4.1}{Probl\350me rencontr\351}{chapter.4}% 26
\BOOKMARK [1][-]{section.4.2}{Nouveau Programme}{chapter.4}% 27
\BOOKMARK [2][-]{subsection.4.2.1}{Introduction}{section.4.2}% 28
\BOOKMARK [2][-]{subsection.4.2.2}{Principe logique}{section.4.2}% 29
\BOOKMARK [2][-]{subsection.4.2.3}{Organigramme}{section.4.2}% 30
\BOOKMARK [2][-]{subsection.4.2.4}{Crit\350re d'arr\352t}{section.4.2}% 31
\BOOKMARK [2][-]{subsection.4.2.5}{Remarque}{section.4.2}% 32
\BOOKMARK [0][-]{chapter*.12}{Conclusion}{}% 33
